<?xml version="1.0" encoding="UTF-8"?>
<!-- Generated by org.testng.reporters.JUnitReportReporter -->
<testsuite skipped="0" hostname="admin-PC" name="com.guru99.testcases.LoginIntoGuru99" tests="1" failures="0" timestamp="28 Jun 2017 16:35:32 GMT" time="7.309" errors="0">
  <testcase name="loginIntoGuru99" time="7.309" classname="com.guru99.testcases.LoginIntoGuru99"/>
</testsuite> <!-- com.guru99.testcases.LoginIntoGuru99 -->
