<?xml version="1.0" encoding="UTF-8"?>
<!-- Generated by org.testng.reporters.JUnitReportReporter -->
<testsuite skipped="0" hostname="admin-PC" name="com.general.practicetests.DynamicWebTable" tests="1" failures="0" timestamp="19 Jun 2017 16:22:51 GMT" time="1.023" errors="0">
  <testcase name="handle_dynamic_webtable" time="1.023" classname="com.general.practicetests.DynamicWebTable"/>
</testsuite> <!-- com.general.practicetests.DynamicWebTable -->
