<?xml version="1.0" encoding="UTF-8"?>
<!-- Generated by org.testng.reporters.JUnitReportReporter -->
<testsuite skipped="0" hostname="admin-PC" name="com.general.practicetests.MultipleWindow" tests="1" failures="0" timestamp="19 Jun 2017 17:17:45 GMT" time="14.425" errors="0">
  <testcase name="TestPopUp" time="14.425" classname="com.general.practicetests.MultipleWindow"/>
</testsuite> <!-- com.general.practicetests.MultipleWindow -->
